[    0.000000] Initializing cgroup subsys cpuset
[    0.000000] Initializing cgroup subsys cpu
[    0.000000] Initializing cgroup subsys cpuacct
[    0.000000] Linux version 4.4.0-173-generic (buildd@lgw01-amd64-037) (gcc version 5.4.0 20160609 (Ubuntu 5.4.0-6ubuntu1~16.04.12) ) #203-Ubuntu SMP Wed Jan 15 02:55:01 UTC 2020 (Ubuntu 4.4.0-173.203-generic 4.4.208)
[    0.000000] Command line: BOOT_IMAGE=/boot/vmlinuz-4.4.0-173-generic root=LABEL=cloudimg-rootfs ro console=tty1 console=ttyS0
[    0.000000] KERNEL supported cpus:
[    0.000000]   Intel GenuineIntel
[    0.000000]   AMD AuthenticAMD
[    0.000000]   Centaur CentaurHauls
[    0.000000] x86/fpu: xstate_offset[2]:  576, xstate_sizes[2]:  256
[    0.000000] x86/fpu: Supporting XSAVE feature 0x01: 'x87 floating point registers'
[    0.000000] x86/fpu: Supporting XSAVE feature 0x02: 'SSE registers'
[    0.000000] x86/fpu: Supporting XSAVE feature 0x04: 'AVX registers'
[    0.000000] x86/fpu: Enabled xstate features 0x7, context size is 832 bytes, using 'standard' format.
[    0.000000] e820: BIOS-provided physical RAM map:
[    0.000000] BIOS-e820: [mem 0x0000000000000000-0x000000000009fbff] usable
[    0.000000] BIOS-e820: [mem 0x000000000009fc00-0x000000000009ffff] reserved
[    0.000000] BIOS-e820: [mem 0x00000000000f0000-0x00000000000fffff] reserved
[    0.000000] BIOS-e820: [mem 0x0000000000100000-0x000000003ffeffff] usable
[    0.000000] BIOS-e820: [mem 0x000000003fff0000-0x000000003fffffff] ACPI data
[    0.000000] BIOS-e820: [mem 0x00000000fec00000-0x00000000fec00fff] reserved
[    0.000000] BIOS-e820: [mem 0x00000000fee00000-0x00000000fee00fff] reserved
[    0.000000] BIOS-e820: [mem 0x00000000fffc0000-0x00000000ffffffff] reserved
[    0.000000] NX (Execute Disable) protection: active
[    0.000000] SMBIOS 2.5 present.
[    0.000000] Hypervisor detected: KVM
[    0.000000] e820: last_pfn = 0x3fff0 max_arch_pfn = 0x400000000
[    0.000000] MTRR: Disabled
[    0.000000] x86/PAT: MTRRs disabled, skipping PAT initialization too.
[    0.000000] CPU MTRRs all blank - virtualized system.
[    0.000000] x86/PAT: Configuration [0-7]: WB  WT  UC- UC  WB  WT  UC- UC  
[    0.000000] found SMP MP-table at [mem 0x0009fff0-0x0009ffff] mapped at [ffff88000009fff0]
[    0.000000] Scanning 1 areas for low memory corruption
[    0.000000] RAMDISK: [mem 0x362e0000-0x37167fff]
[    0.000000] ACPI: Early table checksum verification disabled
[    0.000000] ACPI: RSDP 0x00000000000E0000 000024 (v02 VBOX  )
[    0.000000] ACPI: XSDT 0x000000003FFF0030 00003C (v01 VBOX   VBOXXSDT 00000001 ASL  00000061)
[    0.000000] ACPI: FACP 0x000000003FFF00F0 0000F4 (v04 VBOX   VBOXFACP 00000001 ASL  00000061)
[    0.000000] ACPI: DSDT 0x000000003FFF0470 0022EA (v02 VBOX   VBOXBIOS 00000002 INTL 20100528)
[    0.000000] ACPI: FACS 0x000000003FFF0200 000040
[    0.000000] ACPI: FACS 0x000000003FFF0200 000040
[    0.000000] ACPI: APIC 0x000000003FFF0240 00005C (v02 VBOX   VBOXAPIC 00000001 ASL  00000061)
[    0.000000] ACPI: SSDT 0x000000003FFF02A0 0001CC (v01 VBOX   VBOXCPUT 00000002 INTL 20100528)
[    0.000000] No NUMA configuration found
[    0.000000] Faking a node at [mem 0x0000000000000000-0x000000003ffeffff]
[    0.000000] NODE_DATA(0) allocated [mem 0x3ffeb000-0x3ffeffff]
[    0.000000] kvm-clock: Using msrs 4b564d01 and 4b564d00
[    0.000000] kvm-clock: cpu 0, msr 0:3ffe3001, primary cpu clock
[    0.000000] kvm-clock: using sched offset of 4816318903 cycles
[    0.000000] clocksource: kvm-clock: mask: 0xffffffffffffffff max_cycles: 0x1cd42e4dffb, max_idle_ns: 881590591483 ns
[    0.000000] Zone ranges:
[    0.000000]   DMA      [mem 0x0000000000001000-0x0000000000ffffff]
[    0.000000]   DMA32    [mem 0x0000000001000000-0x000000003ffeffff]
[    0.000000]   Normal   empty
[    0.000000]   Device   empty
[    0.000000] Movable zone start for each node
[    0.000000] Early memory node ranges
[    0.000000]   node   0: [mem 0x0000000000001000-0x000000000009efff]
[    0.000000]   node   0: [mem 0x0000000000100000-0x000000003ffeffff]
[    0.000000] Initmem setup node 0 [mem 0x0000000000001000-0x000000003ffeffff]
[    0.000000] ACPI: PM-Timer IO Port: 0x4008
[    0.000000] IOAPIC[0]: apic_id 2, version 32, address 0xfec00000, GSI 0-23
[    0.000000] ACPI: INT_SRC_OVR (bus 0 bus_irq 0 global_irq 2 dfl dfl)
[    0.000000] ACPI: INT_SRC_OVR (bus 0 bus_irq 9 global_irq 9 low level)
[    0.000000] Using ACPI (MADT) for SMP configuration information
[    0.000000] smpboot: Allowing 2 CPUs, 0 hotplug CPUs
[    0.000000] PM: Registered nosave memory: [mem 0x00000000-0x00000fff]
[    0.000000] PM: Registered nosave memory: [mem 0x0009f000-0x0009ffff]
[    0.000000] PM: Registered nosave memory: [mem 0x000a0000-0x000effff]
[    0.000000] PM: Registered nosave memory: [mem 0x000f0000-0x000fffff]
[    0.000000] e820: [mem 0x40000000-0xfebfffff] available for PCI devices
[    0.000000] Booting paravirtualized kernel on KVM
[    0.000000] clocksource: refined-jiffies: mask: 0xffffffff max_cycles: 0xffffffff, max_idle_ns: 7645519600211568 ns
[    0.000000] setup_percpu: NR_CPUS:512 nr_cpumask_bits:512 nr_cpu_ids:2 nr_node_ids:1
[    0.000000] PERCPU: Embedded 33 pages/cpu @ffff88003fc00000 s95448 r8192 d31528 u1048576
[    0.000000] Built 1 zonelists in Node order, mobility grouping on.  Total pages: 257912
[    0.000000] Policy zone: DMA32
[    0.000000] Kernel command line: BOOT_IMAGE=/boot/vmlinuz-4.4.0-173-generic root=LABEL=cloudimg-rootfs ro console=tty1 console=ttyS0
[    0.000000] PID hash table entries: 4096 (order: 3, 32768 bytes)
[    0.000000] Memory: 997672K/1048120K available (8626K kernel code, 1336K rwdata, 4032K rodata, 1488K init, 1292K bss, 50448K reserved, 0K cma-reserved)
[    0.000000] SLUB: HWalign=64, Order=0-3, MinObjects=0, CPUs=2, Nodes=1
[    0.000000] Kernel/User page tables isolation: enabled
[    0.000000] Hierarchical RCU implementation.
[    0.000000] 	Build-time adjustment of leaf fanout to 64.
[    0.000000] 	RCU restricting CPUs from NR_CPUS=512 to nr_cpu_ids=2.
[    0.000000] RCU: Adjusting geometry for rcu_fanout_leaf=64, nr_cpu_ids=2
[    0.000000] NR_IRQS:33024 nr_irqs:440 16
[    0.000000] Console: colour VGA+ 80x25
[    0.000000] console [tty1] enabled
[    0.000000] console [ttyS0] enabled
[    0.000000] tsc: Detected 1799.999 MHz processor
[    0.267914] Calibrating delay loop (skipped) preset value.. 3599.99 BogoMIPS (lpj=7199996)
[    0.272002] pid_max: default: 32768 minimum: 301
[    0.273828] ACPI: Core revision 20150930
[    0.278460] ACPI: 2 ACPI AML tables successfully acquired and loaded
[    0.281010] Security Framework initialized
[    0.282602] Yama: becoming mindful.
[    0.284247] AppArmor: AppArmor initialized
[    0.285898] Dentry cache hash table entries: 131072 (order: 8, 1048576 bytes)
[    0.289961] Inode-cache hash table entries: 65536 (order: 7, 524288 bytes)
[    0.292327] Mount-cache hash table entries: 2048 (order: 2, 16384 bytes)
[    0.295245] Mountpoint-cache hash table entries: 2048 (order: 2, 16384 bytes)
[    0.298903] Initializing cgroup subsys io
[    0.300979] Initializing cgroup subsys memory
[    0.303351] Initializing cgroup subsys devices
[    0.305978] Initializing cgroup subsys freezer
[    0.308213] Initializing cgroup subsys net_cls
[    0.311169] Initializing cgroup subsys perf_event
[    0.313781] Initializing cgroup subsys net_prio
[    0.317265] Initializing cgroup subsys hugetlb
[    0.319885] Initializing cgroup subsys pids
[    0.325530] mce: CPU supports 0 MCE banks
[    0.328933] Last level iTLB entries: 4KB 64, 2MB 8, 4MB 8
[    0.332136] Last level dTLB entries: 4KB 64, 2MB 0, 4MB 0, 1GB 4
[    0.335828] Spectre V1 : Mitigation: usercopy/swapgs barriers and __user pointer sanitization
[    0.341249] Spectre V2 : Mitigation: Full generic retpoline
[    0.344643] Spectre V2 : Spectre v2 / SpectreRSB mitigation: Filling RSB on context switch
[    0.349887] Speculative Store Bypass: Vulnerable
[    0.352759] MDS: Vulnerable: Clear CPU buffers attempted, no microcode
[    0.363532] Freeing SMP alternatives memory: 36K
[    0.381477] ftrace: allocating 32304 entries in 127 pages
[    0.559090] smpboot: APIC(0) Converting physical 0 to logical package 0
[    0.562999] smpboot: Max logical packages: 1
[    0.566424] x2apic enabled
[    0.569209] Switched APIC routing to physical x2apic.
[    0.575736] ..TIMER: vector=0x30 apic1=0 pin1=2 apic2=-1 pin2=-1
[    0.686968] smpboot: CPU0: Intel(R) Core(TM) i5-8250U CPU @ 1.60GHz (family: 0x6, model: 0x8e, stepping: 0xa)
[    0.693128] Performance Events: unsupported p6 CPU model 142 no PMU driver, software events only.
[    0.721223] KVM setup paravirtual spinlock
[    0.725245] x86: Booting SMP configuration:
[    0.728301] .... node  #0, CPUs:      #1
[    0.731398] kvm-clock: cpu 1, msr 0:3ffe3041, secondary cpu clock
[    0.736035] mce: CPU supports 0 MCE banks
[    0.739866] x86: Booted up 1 node, 2 CPUs
[    0.743119] smpboot: Total of 2 processors activated (7199.99 BogoMIPS)
[    0.749010] devtmpfs: initialized
[    0.755071] evm: security.selinux
[    0.757542] evm: security.SMACK64
[    0.760035] evm: security.SMACK64EXEC
[    0.762942] evm: security.SMACK64TRANSMUTE
[    0.766004] evm: security.SMACK64MMAP
[    0.768559] evm: security.ima
[    0.770906] evm: security.capability
[    0.774072] clocksource: jiffies: mask: 0xffffffff max_cycles: 0xffffffff, max_idle_ns: 7645041785100000 ns
[    0.780985] futex hash table entries: 512 (order: 3, 32768 bytes)
[    0.784913] pinctrl core: initialized pinctrl subsystem
[    0.788579] RTC time: 12:19:11, date: 01/30/20
[    0.792113] NET: Registered protocol family 16
[    0.806462] cpuidle: using governor ladder
[    0.818682] cpuidle: using governor menu
[    0.821389] PCCT header not found.
[    0.824027] ACPI: bus type PCI registered
[    0.827537] acpiphp: ACPI Hot Plug PCI Controller Driver version: 0.5
[    0.833231] PCI: Using configuration type 1 for base access
[    0.854236] ACPI: Added _OSI(Module Device)
[    0.858950] ACPI: Added _OSI(Processor Device)
[    0.863325] ACPI: Added _OSI(3.0 _SCP Extensions)
[    0.868090] ACPI: Added _OSI(Processor Aggregator Device)
[    0.876247] ACPI: Executed 1 blocks of module-level executable AML code
[    0.893380] ACPI: Interpreter enabled
[    0.897940] ACPI: (supports S0 S5)
[    0.901959] ACPI: Using IOAPIC for interrupt routing
[    0.908085] PCI: Using host bridge windows from ACPI; if necessary, use "pci=nocrs" and report a bug
[    0.934831] ACPI: PCI Root Bridge [PCI0] (domain 0000 [bus 00-ff])
[    0.941184] acpi PNP0A03:00: _OSC: OS supports [ASPM ClockPM Segments MSI]
[    0.950013] acpi PNP0A03:00: _OSC: not requesting OS control; OS requires [ExtendedConfig ASPM ClockPM MSI]
[    0.960951] acpi PNP0A03:00: fail to add MMCONFIG information, can't access extended PCI configuration space under this bridge.
[    0.974573] PCI host bridge to bus 0000:00
[    0.979164] pci_bus 0000:00: root bus resource [io  0x0000-0x0cf7 window]
[    0.985674] pci_bus 0000:00: root bus resource [io  0x0d00-0xffff window]
[    0.991817] pci_bus 0000:00: root bus resource [mem 0x000a0000-0x000bffff window]
[    0.999994] pci_bus 0000:00: root bus resource [mem 0x40000000-0xfdffffff window]
[    1.008231] pci_bus 0000:00: root bus resource [bus 00-ff]
[    1.021966] pci 0000:00:01.1: legacy IDE quirk: reg 0x10: [io  0x01f0-0x01f7]
[    1.028472] pci 0000:00:01.1: legacy IDE quirk: reg 0x14: [io  0x03f6]
[    1.034858] pci 0000:00:01.1: legacy IDE quirk: reg 0x18: [io  0x0170-0x0177]
[    1.041657] pci 0000:00:01.1: legacy IDE quirk: reg 0x1c: [io  0x0376]
[    1.115116] pci 0000:00:07.0: quirk: [io  0x4000-0x403f] claimed by PIIX4 ACPI
[    1.117965] pci 0000:00:07.0: quirk: [io  0x4100-0x410f] claimed by PIIX4 SMB
[    1.126934] ACPI: PCI Interrupt Link [LNKA] (IRQs 5 9 10 *11)
[    1.129727] ACPI: PCI Interrupt Link [LNKB] (IRQs 5 9 *10 11)
[    1.132235] ACPI: PCI Interrupt Link [LNKC] (IRQs 5 *9 10 11)
[    1.134900] ACPI: PCI Interrupt Link [LNKD] (IRQs 5 9 10 *11)
[    1.137505] ACPI: Enabled 2 GPEs in block 00 to 07
[    1.139643] vgaarb: setting as boot device: PCI:0000:00:02.0
[    1.141736] vgaarb: device added: PCI:0000:00:02.0,decodes=io+mem,owns=io+mem,locks=none
[    1.144975] vgaarb: loaded
[    1.146203] vgaarb: bridge control possible 0000:00:02.0
[    1.148484] SCSI subsystem initialized
[    1.150107] ACPI: bus type USB registered
[    1.151611] usbcore: registered new interface driver usbfs
[    1.153538] usbcore: registered new interface driver hub
[    1.155476] usbcore: registered new device driver usb
[    1.157864] PCI: Using ACPI for IRQ routing
[    1.159881] NetLabel: Initializing
[    1.161914] NetLabel:  domain hash size = 128
[    1.164122] NetLabel:  protocols = UNLABELED CIPSOv4
[    1.168281] NetLabel:  unlabeled traffic allowed by default
[    1.170350] amd_nb: Cannot enumerate AMD northbridges
[    1.172366] clocksource: Switched to clocksource kvm-clock
[    1.186639] AppArmor: AppArmor Filesystem Enabled
[    1.188380] pnp: PnP ACPI init
[    1.190921] pnp: PnP ACPI: found 3 devices
[    1.205646] clocksource: acpi_pm: mask: 0xffffff max_cycles: 0xffffff, max_idle_ns: 2085701024 ns
[    1.209515] NET: Registered protocol family 2
[    1.211975] TCP established hash table entries: 8192 (order: 4, 65536 bytes)
[    1.214512] TCP bind hash table entries: 8192 (order: 5, 131072 bytes)
[    1.216999] TCP: Hash tables configured (established 8192 bind 8192)
[    1.219418] UDP hash table entries: 512 (order: 2, 16384 bytes)
[    1.221747] UDP-Lite hash table entries: 512 (order: 2, 16384 bytes)
[    1.223979] NET: Registered protocol family 1
[    1.225748] pci 0000:00:00.0: Limiting direct PCI/PCI transfers
[    1.227919] pci 0000:00:01.0: Activating ISA DMA hang workarounds
[    1.231109] Unpacking initramfs...
[    1.705069] Freeing initrd memory: 14880K
[    1.707519] clocksource: tsc: mask: 0xffffffffffffffff max_cycles: 0x19f228ab7a2, max_idle_ns: 440795289252 ns
[    1.712813] platform rtc_cmos: registered platform RTC device (no PNP device found)
[    1.717698] Scanning for low memory corruption every 60 seconds
[    1.722392] audit: initializing netlink subsys (disabled)
[    1.725867] audit: type=2000 audit(1580386758.159:1): initialized
[    1.730017] Initialise system trusted keyring
[    1.733330] HugeTLB registered 2 MB page size, pre-allocated 0 pages
[    1.740817] zbud: loaded
[    1.743610] VFS: Disk quotas dquot_6.6.0
[    1.746885] VFS: Dquot-cache hash table entries: 512 (order 0, 4096 bytes)
[    1.751533] squashfs: version 4.0 (2009/01/31) Phillip Lougher
[    1.755780] fuse init (API version 7.23)
[    1.758952] Key type big_key registered
[    1.761894] Allocating IMA MOK and blacklist keyrings.
[    1.768010] Key type asymmetric registered
[    1.771091] Asymmetric key parser 'x509' registered
[    1.774290] Block layer SCSI generic (bsg) driver version 0.4 loaded (major 249)
[    1.779588] io scheduler noop registered
[    1.782623] io scheduler deadline registered (default)
[    1.786020] io scheduler cfq registered
[    1.788979] pci_hotplug: PCI Hot Plug PCI Core version: 0.5
[    1.792260] pciehp: PCI Express Hot Plug Controller Driver version: 0.4
[    1.796824] ACPI: AC Adapter [AC] (off-line)
[    1.799771] input: Power Button as /devices/LNXSYSTM:00/LNXPWRBN:00/input/input0
[    1.804988] ACPI: Power Button [PWRF]
[    1.807638] input: Sleep Button as /devices/LNXSYSTM:00/LNXSLPBN:00/input/input1
[    1.812594] ACPI: Sleep Button [SLPF]
[    1.815544] GHES: HEST is not enabled!
[    1.819323] Serial: 8250/16550 driver, 32 ports, IRQ sharing enabled
[    1.820941] ACPI: Battery Slot [BAT0] (battery present)
[    1.851826] 00:02: ttyS0 at I/O 0x3f8 (irq = 4, base_baud = 115200) is a 16550A
[    1.858508] Linux agpgart interface v0.103
[    1.864828] loop: module loaded
[    1.868775] scsi host0: ata_piix
[    1.871504] scsi host1: ata_piix
[    1.874015] ata1: PATA max UDMA/33 cmd 0x1f0 ctl 0x3f6 bmdma 0xd000 irq 14
[    1.878362] ata2: PATA max UDMA/33 cmd 0x170 ctl 0x376 bmdma 0xd008 irq 15
[    1.883851] libphy: Fixed MDIO Bus: probed
[    1.887029] tun: Universal TUN/TAP device driver, 1.6
[    1.890451] tun: (C) 1999-2004 Max Krasnyansky <maxk@qualcomm.com>
[    1.894266] PPP generic driver version 2.4.2
[    1.897359] ehci_hcd: USB 2.0 'Enhanced' Host Controller (EHCI) Driver
[    1.901113] ehci-pci: EHCI PCI platform driver
[    1.904169] ehci-platform: EHCI generic platform driver
[    1.907530] ohci_hcd: USB 1.1 'Open' Host Controller (OHCI) Driver
[    1.911649] ohci-pci: OHCI PCI platform driver
[    1.914653] ohci-platform: OHCI generic platform driver
[    1.918191] uhci_hcd: USB Universal Host Controller Interface driver
[    1.922045] i8042: PNP: PS/2 Controller [PNP0303:PS2K,PNP0f03:PS2M] at 0x60,0x64 irq 1,12
[    1.929261] serio: i8042 KBD port at 0x60,0x64 irq 1
[    1.932617] serio: i8042 AUX port at 0x60,0x64 irq 12
[    1.936157] mousedev: PS/2 mouse device common for all mice
[    1.941419] input: AT Translated Set 2 keyboard as /devices/platform/i8042/serio0/input/input2
[    1.947467] rtc_cmos rtc_cmos: rtc core: registered rtc_cmos as rtc0
[    1.953360] rtc_cmos rtc_cmos: alarms up to one day, 114 bytes nvram
[    1.958654] i2c /dev entries driver
[    1.961689] device-mapper: uevent: version 1.0.3
[    1.965406] device-mapper: ioctl: 4.34.0-ioctl (2015-10-28) initialised: dm-devel@redhat.com
[    1.971294] ledtrig-cpu: registered to indicate activity on CPUs
[    1.976183] NET: Registered protocol family 10
[    1.979641] NET: Registered protocol family 17
[    1.982916] Key type dns_resolver registered
[    1.987095] registered taskstats version 1
[    1.990236] Loading compiled-in X.509 certificates
[    1.994535] Loaded X.509 cert 'Build time autogenerated kernel key: 4e6a82653c7e3a258f066f23f1954299de63b157'
[    2.000886] zswap: loaded using pool lzo/zbud
[    2.007591] Key type trusted registered
[    2.017084] Key type encrypted registered
[    2.019808] AppArmor: AppArmor sha1 policy hashing enabled
[    2.023410] ima: No TPM chip found, activating TPM-bypass!
[    2.027068] ima: Allocated hash algorithm: sha1
[    2.030036] evm: HMAC attrs: 0x1
[    2.033469]   Magic number: 4:766:330
[    2.036087] tty tty51: hash matches
[    2.039110] rtc_cmos rtc_cmos: setting system clock to 2020-01-30 12:19:12 UTC (1580386752)
[    2.044827] BIOS EDD facility v0.16 2004-Jun-25, 0 devices found
[    2.048815] EDD information not available.
[    2.054940] Freeing unused kernel memory: 1488K
[    2.076605] Write protecting the kernel read-only data: 14336k
[    2.081058] Freeing unused kernel memory: 1604K
[    2.084763] Freeing unused kernel memory: 64K
Loading, please wait...
starting version 229
[    2.115889] random: systemd-udevd: uninitialized urandom read (16 bytes read, 5 bits of entropy available)
[    2.117586] random: udevadm: uninitialized urandom read (16 bytes read, 5 bits of entropy available)
[    2.117634] random: udevadm: uninitialized urandom read (16 bytes read, 5 bits of entropy available)
[    2.139851] random: systemd-udevd: uninitialized urandom read (16 bytes read, 5 bits of entropy available)
[    2.143567] random: udevadm: uninitialized urandom read (16 bytes read, 5 bits of entropy available)
[    2.143686] random: udevadm: uninitialized urandom read (16 bytes read, 5 bits of entropy available)
[    2.144285] random: udevadm: uninitialized urandom read (16 bytes read, 5 bits of entropy available)
[    2.144518] random: udevadm: uninitialized urandom read (16 bytes read, 5 bits of entropy available)
[    2.144680] random: udevadm: uninitialized urandom read (16 bytes read, 5 bits of entropy available)
[    2.144825] random: udevadm: uninitialized urandom read (16 bytes read, 5 bits of entropy available)
[    2.246530] Fusion MPT base driver 3.04.20
[    2.248242] Copyright (c) 1999-2008 LSI Corporation
[    2.250323] e1000: Intel(R) PRO/1000 Network Driver - version 7.3.21-k8-NAPI
[    2.253392] e1000: Copyright (c) 1999-2006 Intel Corporation.
[    2.269522] Fusion MPT SPI Host driver 3.04.20
[    2.314344] AVX2 version of gcm_enc/dec engaged.
[    2.316346] AES CTR mode by8 optimization enabled
[    2.485706] input: ImExPS/2 Generic Explorer Mouse as /devices/platform/i8042/serio1/input/input4
[    2.830163] e1000 0000:00:03.0 eth0: (PCI:33MHz:32-bit) 02:98:a1:d7:05:cf
[    2.836514] e1000 0000:00:03.0 eth0: Intel(R) PRO/1000 Network Connection
[    2.848241] e1000 0000:00:03.0 enp0s3: renamed from eth0
[    2.855377] mptbase: ioc0: Initiating bringup
[    2.921489] ioc0: LSI53C1030 A0: Capabilities={Initiator}
[    3.097767] scsi host2: ioc0: LSI53C1030 A0, FwRev=00000000h, Ports=1, MaxQ=256, IRQ=20
[    3.222437] scsi 2:0:0:0: Direct-Access     VBOX     HARDDISK         1.0  PQ: 0 ANSI: 5
[    3.232218] scsi target2:0:0: Beginning Domain Validation
[    3.245700] scsi target2:0:0: Domain Validation skipping write tests
[    3.252194] scsi target2:0:0: Ending Domain Validation
[    3.257923] scsi target2:0:0: asynchronous
[    3.264701] scsi 2:0:1:0: Direct-Access     VBOX     HARDDISK         1.0  PQ: 0 ANSI: 5
[    3.274089] scsi target2:0:1: Beginning Domain Validation
[    3.288139] scsi target2:0:1: Domain Validation skipping write tests
[    3.294277] scsi target2:0:1: Ending Domain Validation
[    3.354715] scsi target2:0:1: asynchronous
[    3.387502] sd 2:0:0:0: Attached scsi generic sg0 type 0
[    3.393882] sd 2:0:0:0: [sda] 20971520 512-byte logical blocks: (10.7 GB/10.0 GiB)
[    3.403197] sd 2:0:1:0: Attached scsi generic sg1 type 0
[    3.405179] sd 2:0:1:0: [sdb] 20480 512-byte logical blocks: (10.5 MB/10.0 MiB)
[    3.408607] sd 2:0:0:0: [sda] Write Protect is off
[    3.410417] sd 2:0:1:0: [sdb] Write Protect is off
[    3.412450] sd 2:0:0:0: [sda] Incomplete mode parameter data
[    3.414243] sd 2:0:0:0: [sda] Assuming drive cache: write through
[    3.416168] sd 2:0:1:0: [sdb] Incomplete mode parameter data
[    3.418022] sd 2:0:1:0: [sdb] Assuming drive cache: write through
[    3.428628]  sda: sda1
[    3.431971] sd 2:0:0:0: [sda] Attached SCSI disk
[    3.438379] sd 2:0:1:0: [sdb] Attached SCSI disk
Begin: Loading essential drivers ... [    5.624915] md: linear personality registered for level -1
[    5.637045] md: multipath personality registered for level -4
[    5.650659] md: raid0 personality registered for level 0
[    5.669736] md: raid1 personality registered for level 1
[    5.756529] raid6: sse2x1   gen()  3490 MB/s
[    5.824897] raid6: sse2x1   xor()  2827 MB/s
[    5.897254] raid6: sse2x2   gen()  5083 MB/s
[    5.965322] raid6: sse2x2   xor()  3778 MB/s
[    6.032413] raid6: sse2x4   gen()  5953 MB/s
[    6.100401] raid6: sse2x4   xor()  3731 MB/s
[    6.172990] raid6: avx2x1   gen()  4730 MB/s
[    6.244980] raid6: avx2x2   gen()  5347 MB/s
[    6.316483] raid6: avx2x4   gen()  6653 MB/s
[    6.320986] raid6: using algorithm avx2x4 gen() 6653 MB/s
[    6.326757] raid6: using avx2x2 recovery algorithm
[    6.336715] xor: automatically using best checksumming function:
[    6.380668]    avx       :  6274.000 MB/sec
[    6.389852] async_tx: api initialized (async)
[    6.429188] md: raid6 personality registered for level 6
[    6.436137] md: raid5 personality registered for level 5
[    6.441430] md: raid4 personality registered for level 4
[    6.468784] md: raid10 personality registered for level 10
done.
Begin: Running /scripts/init-premount ... done.
Begin: Mounting root file system ... Begin: Running /scripts/local-top ... done.
Begin: Running /scripts/local-premount ... [    6.604426] Btrfs loaded
Scanning for Btrfs filesystems
done.
Warning: fsck not present, so skipping root file system
[    6.716071] EXT4-fs (sda1): mounted filesystem with ordered data mode. Opts: (null)
done.
Begin: Running /scripts/local-bottom ... done.
Begin: Running /scripts/init-bottom ... done.
[    7.065369] systemd[1]: systemd 229 running in system mode. (+PAM +AUDIT +SELINUX +IMA +APPARMOR +SMACK +SYSVINIT +UTMP +LIBCRYPTSETUP +GCRYPT +GNUTLS +ACL +XZ -LZ4 +SECCOMP +BLKID +ELFUTILS +KMOD -IDN)
[    7.086151] systemd[1]: Detected virtualization oracle.
[    7.091185] systemd[1]: Detected architecture x86-64.

Welcome to [1mUbuntu 16.04.6 LTS[0m!

[    7.109030] systemd[1]: Set hostname to <ubuntu-xenial>.
[    7.599455] systemd[1]: Listening on LVM2 poll daemon socket.
[[0;32m  OK  [0m] Listening on LVM2 poll daemon socket.
[    7.614207] systemd[1]: Set up automount Arbitrary Executable File Formats File System Automount Point.
[[0;32m  OK  [0m] Set up automount Arbitrary Executab...ats File System Automount Point.
[    7.627405] systemd[1]: Listening on Journal Socket (/dev/log).
[[0;32m  OK  [0m] Listening on Journal Socket (/dev/log).
[    7.636947] systemd[1]: Created slice User and Session Slice.
[[0;32m  OK  [0m] Created slice User and Session Slice.
[    7.645335] systemd[1]: Listening on /dev/initctl Compatibility Named Pipe.
[[0;32m  OK  [0m] Listening on /dev/initctl Compatibility Named Pipe.
[    7.655225] systemd[1]: Listening on Syslog Socket.
[[0;32m  OK  [0m] Listening on Syslog Socket.
[    7.669712] systemd[1]: Reached target Swap.
[[0;32m  OK  [0m] Reached target Swap.
[    7.677388] systemd[1]: Started Forward Password Requests to Wall Directory Watch.
[[0;32m  OK  [0m] Started Forward Password Requests to Wall Directory Watch.
[    7.689496] systemd[1]: Reached target User and Group Name Lookups.
[[0;32m  OK  [0m] Reached target User and Group Name Lookups.
[    7.699264] systemd[1]: Listening on Journal Audit Socket.
[[0;32m  OK  [0m] Listening on Journal Audit Socket.
[    7.713349] systemd[1]: Listening on Journal Socket.
[[0;32m  OK  [0m] Listening on Journal Socket.
[    7.726333] systemd[1]: Created slice System Slice.
[[0;32m  OK  [0m] Created slice System Slice.
[    7.749527] systemd[1]: Mounting Debug File System...
         Mounting Debug File System...
[    7.757117] systemd[1]: Mounting POSIX Message Queue File System...
         Mounting POSIX Message Queue File System...
[    7.766416] systemd[1]: Starting Uncomplicated firewall...
         Starting Uncomplicated firewall...
[    7.775948] systemd[1]: Starting Set console keymap...
         Starting Set console keymap...
[    7.784726] systemd[1]: Starting Create list of required static device nodes for the current kernel...
         Starting Create list of required st... nodes for the current kernel...
[    7.797750] systemd[1]: Starting Journal Service...
         Starting Journal Service...
[    7.808001] systemd[1]: Starting Remount Root and Kernel File Systems...
         Starting Remount Root and Kernel File Systems...
[    7.822859] EXT4-fs (sda1): re-mounted. Opts: (null)
[    7.829265] systemd[1]: Starting Load Kernel Modules...
         Starting Load Kernel Modules...
[    8.219195] random: nonblocking pool is initialized
[    8.229293] systemd[1]: Listening on udev Control Socket.
[[0;32m  OK  [0m] Listening on udev Control Socket.
[    8.242182] systemd[1]: Created slice system-serial\x2dgetty.slice.
[[0;32m  OK  [0m] Created slice system-serial\x2dgetty.slice.
[    8.258900] Loading iSCSI transport class v2.0-870.
[    8.272810] systemd[1]: Starting Nameserver information manager...
         Starting Nameserver information manager...
[    8.290205] systemd[1]: Reached target System Time Synchronized.
[[0;32m  OK  [0m] Reached target System Time Synchronized.
[    8.306703] systemd[1]: Listening on LVM2 metadata daemon socket.
[    8.315360] iscsi: registered transport (tcp)
[[0;32m  OK  [0m] Listening on LVM2 metadata daemon socket.
[    8.322334] systemd[1]: Reached target Slices.
[[0;32m  OK  [0m] Reached target Slices.
[    8.373051] systemd[1]: Mounting Huge Pages File System...
         Mounting Huge Pages File System...
[    8.397624] systemd[1]: Reached target Encrypted Volumes.
[[0;32m  OK  [0m] Reached target Encrypted Volumes.
[    8.411353] systemd[1]: Started Trigger resolvconf update for networkd DNS.
[[0;32m  OK  [0m] Started Trigger resolvconf update for networkd DNS.
[    8.422993] systemd[1]: Listening on Device-mapper event daemon FIFOs.
[[0;32m  OK  [0m] Listening on Device-mapper event daemon FIFOs.
[    8.453048] iscsi: registered transport (iser)
[    8.453115] systemd[1]: Starting Monitoring of LVM2 mirrors, snapshots etc. using dmeventd or progress polling...
         Starting Monitoring of LVM2 mirrors... dmeventd or progress polling...
[    8.475917] systemd[1]: Listening on udev Kernel Socket.
[[0;32m  OK  [0m] Listening on udev Kernel Socket.
[    8.506439] systemd[1]: Mounted Huge Pages File System.
[[0;32m  OK  [0m] Mounted Huge Pages File System.
[    8.517128] systemd[1]: Mounted Debug File System.
[[0;32m  OK  [0m] Mounted Debug File System.
[    8.525889] systemd[1]: Mounted POSIX Message Queue File System.
[[0;32m  OK  [0m] Mounted POSIX Message Queue File System.
[    8.542080] systemd[1]: Started Journal Service.
[[0;32m  OK  [0m] Started Journal Service.
[[0;32m  OK  [0m] Started Uncomplicated firewall.
[[0;32m  OK  [0m] Started Set console keymap.
[[0;32m  OK  [0m] Started Create list of required sta...ce nodes for the current kernel.
[[0;32m  OK  [0m] Started Remount Root and Kernel File Systems.
[[0;32m  OK  [0m] Started Load Kernel Modules.
[[0;32m  OK  [0m] Started LVM2 metadata daemon.
         Starting Apply Kernel Variables...
         Mounting FUSE Control File System...
         Starting Load/Save Random Seed...
         Starting udev Coldplug all Devices...
         Starting Create Static Device Nodes in /dev...
         Starting Flush Journal to Persistent Storage...
[[0;32m  OK  [0m] Mounted FUSE Control File System.
[[0;32m  OK  [0m] Started Nameserver information manager.
[[0;32m  OK  [0m] Started Apply Kernel Variables.
[[0;32m  OK  [0m] Started Load/Save Random Seed.
[[0;32m  OK  [0m] Started Flush Journal to Persistent Storage.
[[0;32m  OK  [0m] Started Create Static Device Nodes in /dev.
         Starting udev Kernel Device Manager...
[[0;32m  OK  [0m] Started Monitoring of LVM2 mirrors,...ng dmeventd or progress polling.
[[0;32m  OK  [0m] Reached target Local File Systems (Pre).
[[0;32m  OK  [0m] Reached target Local File Systems.
         Starting Create Volatile Files and Directories...
         Starting LSB: AppArmor initialization...
         Starting Initial cloud-init job (pre-networking)...
         Starting Tell Plymouth To Write Out Runtime Data...
         Starting Set console font and keymap...
[[0;32m  OK  [0m] Started udev Kernel Device Manager.
[[0;32m  OK  [0m] Started Tell Plymouth To Write Out Runtime Data.
[[0;32m  OK  [0m] Started Create Volatile Files and Directories.
         Starting Update UTMP about System Boot/Shutdown...
[[0;32m  OK  [0m] Started Update UTMP about System Boot/Shutdown.
[[0;32m  OK  [0m] Started udev Coldplug all Devices.
[[0;32m  OK  [0m] Started Dispatch Password Requests to Console Directory Watch.
[[0;32m  OK  [0m] Started LSB: AppArmor initialization.
[[0;32m  OK  [0m] Found device /dev/ttyS0.
[[0;32m  OK  [0m] Listening on Load/Save RF Kill Switch Status /dev/rfkill Watch.
[[0;32m  OK  [0m] Found device 82540EM Gigabit Ethern...r (PRO/1000 MT Desktop Adapter).
[   11.438458] cloud-init[[0;32m  OK  [0m] Started Initial cloud-init job (pre-networking).
[[0;32m  OK  [0m] Reached target Network (Pre).
[472]: Cloud-init v. 19.4-33-gbb4131a2-0ubuntu1~16.04.1 running 'init-local' at Thu, 30 Jan 2020 12:19:21 +0000. Up 10.59 seconds.         Starting Raise network interfaces...
[[0;32m  OK  [0m] Started ifup for enp0s3.

[[0;32m  OK  [0m] Started Set console font and keymap.
[[0;32m  OK  [0m] Created slice system-getty.slice.
[[0;32m  OK  [0m] Started Raise network interfaces.
         Starting Initial cloud-init job (metadata service crawler)...
[[0;32m  OK  [0m] Reached target Network.
[   14.599456] cloud-init[998]: Cloud-init v. 19.4-33-gbb4131a2-0ubuntu1~16.04.1 running 'init' at Thu, 30 Jan 2020 12:19:24 +0000. Up 13.59 seconds.
[   14.605896] cloud-init[998]: ci-info: +++++++++++++++++++++++++++++++++++++Net device info++++++++++++++++++++++++++++++++++++++
[   14.614264] cloud-init[998]: ci-info: +--------+------+---------------------------+---------------+--------+-------------------+
[   14.621281] cloud-init[998]: ci-info: | Device |  Up  |          Address          |      Mask     | Scope  |     Hw-Address    |
[   14.633618] cloud-init[998]: ci-info: +--------+------+---------------------------+---------------+--------+-------------------+
[   14.639327] cloud-init[998]: ci-info: | enp0s3 | True |         10.0.2.15         | 255.255.255.0 | global | 02:98:a1:d7:05:cf |
[   14.645223] cloud-init[998]: ci-info: | enp0s3 | True | fe80::98:a1ff:fed7:5cf/64 |       .       |  link  | 02:98:a1:d7:05:cf |
[   14.657562] cloud-init[998]: ci-info: |   lo   | True |         127.0.0.1         |   255.0.0.0   |  host  |         .         |
[   14.663048] cloud-init[998]: ci-info: |   lo   | True |          ::1/128          |       .       |  host  |         .         |
[   14.673766] cloud-init[998]: ci-info: +--------+------+---------------------------+---------------+--------+-------------------+
[   14.680145] cloud-init[998]: ci-info: +++++++++++++++++++++++++++Route IPv4 info++++++++++++++++++++++++++++
[   14.693974] cloud-init[998]: ci-info: +-------+-------------+----------+---------------+-----------+-------+
[   14.699108] cloud-init[998]: ci-info: | Route | Destination | Gateway  |    Genmask    | Interface | Flags |
[   14.704055] cloud-init[998]: ci-info: +-------+-------------+----------+---------------+-----------+-------+
[   14.717785] cloud-init[998]: ci-info: |   0   |   0.0.0.0   | 10.0.2.2 |    0.0.0.0    |   enp0s3  |   UG  |
[   14.722294] cloud-init[998]: ci-info: |   1   |   10.0.2.0  | 0.0.0.0  | 255.255.255.0 |   enp0s3  |   U   |
[   14.727519] cloud-init[998]: ci-info: +-------+-------------+----------+---------------+-----------+-------+
[   14.732833] cloud-init[998]: ci-info: +++++++++++++++++++Route IPv6 info+++++++++++++++++++
[   14.737287] cloud-init[998]: ci-info: +-------+-------------+---------+-----------+-------+
[   14.741327] cloud-init[998]: ci-info: | Route | Destination | Gateway | Interface | Flags |
[   14.745325] cloud-init[998]: ci-info: +-------+-------------+---------+-----------+-------+
[   14.750051] cloud-init[998]: ci-info: |   0   |  fe80::/64  |    ::   |   enp0s3  |   U   |
[   14.753958] cloud-init[998]: ci-info: |   4   |   ff00::/8  |    ::   |   enp0s3  |   U   |
[   14.757964] cloud-init[998]: ci-info: +-------+-------------+---------+-----------+-------+
[[0;32m  OK  [0m] Started Initial cloud-init job (metadata service crawler).
[[0;32m  OK  [0m] Reached target System Initialization.
[[0;32m  OK  [0m] Started Message of the Day.
[[0;32m  OK  [0m] Listening on ACPID Listen Socket.
[[0;32m  OK  [0m] Started Daily apt download activities.
         Starting Socket activation for snappy daemon.
[[0;32m  OK  [0m] Started Daily Cleanup of Temporary Directories.
[[0;32m  OK  [0m] Started ACPI Events Check.
[[0;32m  OK  [0m] Reached target Paths.
[[0;32m  OK  [0m] Listening on D-Bus System Message Bus Socket.
[[0;32m  OK  [0m] Started Daily apt upgrade and clean activities.
[[0;32m  OK  [0m] Reached target Timers.
         Starting Docker Socket for the API.
[[0;32m  OK  [0m] Listening on UUID daemon activation socket.
         Starting LXD - unix socket.
[[0;32m  OK  [0m] Reached target Cloud-config availability.
[[0;32m  OK  [0m] Reached target Network is Online.
         Starting iSCSI initiator daemon (iscsid)...
[[0;32m  OK  [0m] Listening on Socket activation for snappy daemon.
[[0;32m  OK  [0m] Listening on Docker Socket for the API.
[[0;32m  OK  [0m] Listening on LXD - unix socket.
[[0;32m  OK  [0m] Reached target Sockets.
[[0;32m  OK  [0m] Reached target Basic System.
         Starting Accounts Service...
         Starting /etc/rc.local Compatibility...
[[0;32m  OK  [0m] Started FUSE filesystem for LXC.
         Starting LXD - container startup/shutdown...
         Starting containerd container runtime...
         Starting Virtualbox guest utils...
         Starting LSB: Record successful boot for GRUB...
         Starting Login Service...
[[0;32m  OK  [0m] Started Deferred execution scheduler.
         Starting LSB: MD monitoring daemon...
[[0;32m  OK  [0m] Started Regular background program processing daemon.
[[0;32m  OK  [0m] Started D-Bus System Message Bus.
[[0;32m  OK  [0m] Started ACPI event daemon.
         Starting System Logging Service...
         Starting OpenBSD Secure Shell server...
         Starting Snappy daemon...
[[0;32m  OK  [0m] Started iSCSI initiator daemon (iscsid).
[[0;32m  OK  [0m] Started /etc/rc.local Compatibility.
[[0;32m  OK  [0m] Started containerd container runtime.
[[0;32m  OK  [0m] Started System Logging Service.
[[0;32m  OK  [0m] Started Login Service.
[[0;32m  OK  [0m] Started Unattended Upgrades Shutdown.
         Starting Authenticate and Authorize Users to Run Privileged Tasks...
         Starting Docker Application Container Engine...
         Starting Login to default iSCSI targets...
[[0;32m  OK  [0m] Started LSB: Record successful boot for GRUB.
[[0;32m  OK  [0m] Started LXD - container startup/shutdown.
[[0;32m  OK  [0m] Started LSB: MD monitoring daemon.
[[0;32m  OK  [0m] Started Authenticate and Authorize Users to Run Privileged Tasks.
[[0;32m  OK  [0m] Started Accounts Service.
[[0;32m  OK  [0m] Started Login to default iSCSI targets.
[[0;32m  OK  [0m] Started OpenBSD Secure Shell server.
[[0;32m  OK  [0m] Reached target Remote File Systems (Pre).
[[0;32m  OK  [0m] Reached target Remote File Systems.
         Starting LSB: daemon to balance interrupts for SMP systems...
         Starting LSB: Set the CPU Frequency Scaling governor to "ondemand"...
         Starting LSB: automatic crash report generation...
         Starting Permit User Sessions...
         Starting LSB: Set up cgroupfs mounts....
[[0;32m  OK  [0m] Started Permit User Sessions.
[[0;32m  OK  [0m] Started LSB: Set up cgroupfs mounts..
         Starting Hold until boot process finishes up...
         Starting Terminate Plymouth Boot Screen...
[[0;32m  OK  [0m] Started Hold until boot process finishes up.
[[0;32m  OK  [0m] Started Terminate Plymouth Boot Screen.
[[0;32m  OK  [0m] Started Getty on tty1.
         Starting Set console scheme...
[[0;32m  OK  [0m] Started Serial Getty on ttyS0.
[[0;32m  OK  [0m] Reached target Login Prompts.
[[0;32m  OK  [0m] Started Set console scheme.
[[0;32m  OK  [0m] Started LSB: Set the CPU Frequency Scaling governor to "ondemand".
[[0;32m  OK  [0m] Started LSB: automatic crash report generation.
[[0;32m  OK  [0m] Started LSB: daemon to balance interrupts for SMP systems.
[[0;32m  OK  [0m] Started Virtualbox guest utils.
[[0;32m  OK  [0m] Started Snappy daemon.
         Starting Wait until snapd is fully seeded...
[[0;32m  OK  [0m] Started Wait until snapd is fully seeded.
         Starting Apply the settings specified in cloud-config...
[[0;32m  OK  [0m] Started Docker Application Container Engine.
[[0;32m  OK  [0m] Reached target Multi-User System.
[[0;32m  OK  [0m] Reached target Graphical Interface.
         Starting Update UTMP about System Runlevel Changes...
[[0;32m  OK  [0m] Started Update UTMP about System Runlevel Changes.
[   18.232929] cloud-init[1299]: Cloud-init v. 19.4-33-gbb4131a2-0ubuntu1~16.04.1 running 'modules:config' at Thu, 30 Jan 2020 12:19:28 +0000. Up 17.57 seconds.
[[0;32m  OK  [0m] Started Apply the settings specified in cloud-config.
         Starting Execute cloud user/final scripts...
[[0;32m  OK  [0m] Created slice User Slice of vagrant.
         Starting User Manager for UID 1000...
[[0;32m  OK  [0m] Started Session 1 of user vagrant.
[[0;32m  OK  [0m] Started User Manager for UID 1000.
[   19.937735] cloud-init[1530]: Cloud-init v. 19.4-33-gbb4131a2-0ubuntu1~16.04.1 running 'modules:final' at Thu, 30 Jan 2020 12:19:30 +0000. Up 19.69 seconds.
[   19.949708] cloud-init[1530]: Cloud-init v. 19.4-33-gbb4131a2-0ubuntu1~16.04.1 finished at Thu, 30 Jan 2020 12:19:30 +0000. Datasource DataSourceNoCloud [seed=/dev/sdb][dsmode=net].  Up 19.91 seconds
[[0;32m  OK  [0m] Started Execute cloud user/final scripts.
[[0;32m  OK  [0m] Reached target Cloud-init target.

Ubuntu 16.04.6 LTS ubuntu-xenial ttyS0

ubuntu-xenial login: 